2018-11-05 14:07:58.610 [main] INFO  com.xu.springcloud.shop.member.SpringcloudShopMemberApplication - No active profile set, falling back to default profiles: default
2018-11-05 14:07:59.574 [main] WARN  org.mybatis.spring.mapper.ClassPathMapperScanner - Skipping MapperFactoryBean with name 'memberUserLoginDao' and 'com.xu.springcloud.shop.member.dao.MemberUserLoginDao' mapperInterface. Bean already defined with the same name!
2018-11-05 14:08:01.108 [main] INFO  org.apache.coyote.http11.Http11NioProtocol - Initializing ProtocolHandler ["http-nio-8001"]
2018-11-05 14:08:01.118 [main] INFO  org.apache.catalina.core.StandardService - Starting service [Tomcat]
2018-11-05 14:08:01.119 [main] INFO  org.apache.catalina.core.StandardEngine - Starting Servlet Engine: Apache Tomcat/8.5.34
2018-11-05 14:08:01.124 [localhost-startStop-1] INFO  org.apache.catalina.core.AprLifecycleListener - Loaded APR based Apache Tomcat Native library [1.2.16] using APR version [1.6.3].
2018-11-05 14:08:01.125 [localhost-startStop-1] INFO  org.apache.catalina.core.AprLifecycleListener - APR capabilities: IPv6 [true], sendfile [true], accept filters [false], random [true].
2018-11-05 14:08:01.125 [localhost-startStop-1] INFO  org.apache.catalina.core.AprLifecycleListener - APR/OpenSSL configuration: useAprConnector [false], useOpenSSL [true]
2018-11-05 14:08:02.189 [localhost-startStop-1] INFO  org.apache.catalina.core.AprLifecycleListener - OpenSSL successfully initialized [OpenSSL 1.0.2m  2 Nov 2017]
2018-11-05 14:08:02.386 [localhost-startStop-1] INFO  org.apache.catalina.core.ContainerBase.[Tomcat].[localhost].[/] - Initializing Spring embedded WebApplicationContext
2018-11-05 14:08:02.654 [localhost-startStop-1] WARN  com.netflix.config.sources.URLConfigurationSource - No URLs will be polled as dynamic configuration sources.
2018-11-05 14:08:02.654 [localhost-startStop-1] INFO  com.netflix.config.sources.URLConfigurationSource - To enable URLs as dynamic configuration sources, define System property archaius.configurationSource.additionalUrls or make config.properties available on classpath.
2018-11-05 14:08:02.665 [localhost-startStop-1] INFO  com.netflix.config.DynamicPropertyFactory - DynamicPropertyFactory is initialized with configuration sources: com.netflix.config.ConcurrentCompositeConfiguration@92912bf
2018-11-05 14:08:06.841 [main] WARN  com.netflix.config.sources.URLConfigurationSource - No URLs will be polled as dynamic configuration sources.
2018-11-05 14:08:06.841 [main] INFO  com.netflix.config.sources.URLConfigurationSource - To enable URLs as dynamic configuration sources, define System property archaius.configurationSource.additionalUrls or make config.properties available on classpath.
2018-11-05 14:08:09.072 [main] INFO  com.netflix.discovery.DiscoveryClient - Initializing Eureka in region us-east-1
2018-11-05 14:08:09.909 [main] INFO  com.netflix.discovery.provider.DiscoveryJerseyProvider - Using JSON encoding codec LegacyJacksonJson
2018-11-05 14:08:09.909 [main] INFO  com.netflix.discovery.provider.DiscoveryJerseyProvider - Using JSON decoding codec LegacyJacksonJson
2018-11-05 14:08:10.031 [main] INFO  com.netflix.discovery.provider.DiscoveryJerseyProvider - Using XML encoding codec XStreamXml
2018-11-05 14:08:10.031 [main] INFO  com.netflix.discovery.provider.DiscoveryJerseyProvider - Using XML decoding codec XStreamXml
2018-11-05 14:08:10.557 [main] INFO  com.netflix.discovery.shared.resolver.aws.ConfigClusterResolver - Resolving eureka endpoints via configuration
2018-11-05 14:08:11.129 [main] INFO  com.netflix.discovery.DiscoveryClient - Disable delta property : false
2018-11-05 14:08:11.129 [main] INFO  com.netflix.discovery.DiscoveryClient - Single vip registry refresh property : null
2018-11-05 14:08:11.129 [main] INFO  com.netflix.discovery.DiscoveryClient - Force full registry fetch : false
2018-11-05 14:08:11.129 [main] INFO  com.netflix.discovery.DiscoveryClient - Application is null : false
2018-11-05 14:08:11.129 [main] INFO  com.netflix.discovery.DiscoveryClient - Registered Applications size is zero : true
2018-11-05 14:08:11.129 [main] INFO  com.netflix.discovery.DiscoveryClient - Application version is -1: true
2018-11-05 14:08:11.130 [main] INFO  com.netflix.discovery.DiscoveryClient - Getting all instance registry info from the eureka server
2018-11-05 14:08:11.541 [main] INFO  com.netflix.discovery.DiscoveryClient - The response status is 200
2018-11-05 14:08:11.550 [main] INFO  com.netflix.discovery.DiscoveryClient - Starting heartbeat executor: renew interval is: 30
2018-11-05 14:08:11.557 [main] INFO  com.netflix.discovery.InstanceInfoReplicator - InstanceInfoReplicator onDemand update allowed rate per min is 4
2018-11-05 14:08:11.565 [main] INFO  com.netflix.discovery.DiscoveryClient - Discovery Client initialized at timestamp 1541398091562 with initial instances count: 0
2018-11-05 14:08:11.584 [main] INFO  com.netflix.discovery.DiscoveryClient - Saw local status change event StatusChangeEvent [timestamp=1541398091584, current=UP, previous=STARTING]
2018-11-05 14:08:11.586 [DiscoveryClient-InstanceInfoReplicator-0] INFO  com.netflix.discovery.DiscoveryClient - DiscoveryClient_SHOP-MEMBER/member-provider-8001: registering service...
2018-11-05 14:08:11.606 [main] INFO  org.apache.coyote.http11.Http11NioProtocol - Starting ProtocolHandler ["http-nio-8001"]
2018-11-05 14:08:11.620 [main] INFO  org.apache.tomcat.util.net.NioSelectorPool - Using a shared selector for servlet write/read
2018-11-05 14:08:11.662 [main] INFO  com.xu.springcloud.shop.member.SpringcloudShopMemberApplication - Started SpringcloudShopMemberApplication in 15.653 seconds (JVM running for 17.537)
2018-11-05 14:08:11.769 [DiscoveryClient-InstanceInfoReplicator-0] INFO  com.netflix.discovery.DiscoveryClient - DiscoveryClient_SHOP-MEMBER/member-provider-8001 - registration status: 204
2018-11-05 14:08:12.124 [RMI TCP Connection(12)-127.0.0.1] INFO  org.apache.catalina.core.ContainerBase.[Tomcat].[localhost].[/] - Initializing Spring FrameworkServlet 'dispatcherServlet'
2018-11-05 14:08:12.325 [RMI TCP Connection(14)-127.0.0.1] INFO  com.alibaba.druid.pool.DruidDataSource - {dataSource-1} inited
2018-11-05 14:08:12.640 [RMI TCP Connection(14)-127.0.0.1] INFO  io.lettuce.core.EpollProvider - Starting without optional epoll library
2018-11-05 14:08:12.641 [RMI TCP Connection(14)-127.0.0.1] INFO  io.lettuce.core.KqueueProvider - Starting without optional kqueue library
2018-11-05 14:08:41.551 [DiscoveryClient-CacheRefreshExecutor-0] INFO  com.netflix.discovery.DiscoveryClient - Disable delta property : false
2018-11-05 14:08:41.551 [DiscoveryClient-CacheRefreshExecutor-0] INFO  com.netflix.discovery.DiscoveryClient - Single vip registry refresh property : null
2018-11-05 14:08:41.551 [DiscoveryClient-CacheRefreshExecutor-0] INFO  com.netflix.discovery.DiscoveryClient - Force full registry fetch : false
2018-11-05 14:08:41.551 [DiscoveryClient-CacheRefreshExecutor-0] INFO  com.netflix.discovery.DiscoveryClient - Application is null : false
2018-11-05 14:08:41.551 [DiscoveryClient-CacheRefreshExecutor-0] INFO  com.netflix.discovery.DiscoveryClient - Registered Applications size is zero : true
2018-11-05 14:08:41.551 [DiscoveryClient-CacheRefreshExecutor-0] INFO  com.netflix.discovery.DiscoveryClient - Application version is -1: false
2018-11-05 14:08:41.551 [DiscoveryClient-CacheRefreshExecutor-0] INFO  com.netflix.discovery.DiscoveryClient - Getting all instance registry info from the eureka server
2018-11-05 14:08:41.592 [DiscoveryClient-CacheRefreshExecutor-0] INFO  com.netflix.discovery.DiscoveryClient - The response status is 200
2018-11-05 14:13:11.132 [AsyncResolver-bootstrap-executor-0] INFO  com.netflix.discovery.shared.resolver.aws.ConfigClusterResolver - Resolving eureka endpoints via configuration
2018-11-05 14:18:11.134 [AsyncResolver-bootstrap-executor-0] INFO  com.netflix.discovery.shared.resolver.aws.ConfigClusterResolver - Resolving eureka endpoints via configuration
2018-11-05 14:23:11.135 [AsyncResolver-bootstrap-executor-0] INFO  com.netflix.discovery.shared.resolver.aws.ConfigClusterResolver - Resolving eureka endpoints via configuration
2018-11-05 14:28:11.137 [AsyncResolver-bootstrap-executor-0] INFO  com.netflix.discovery.shared.resolver.aws.ConfigClusterResolver - Resolving eureka endpoints via configuration
2018-11-05 14:33:11.139 [AsyncResolver-bootstrap-executor-0] INFO  com.netflix.discovery.shared.resolver.aws.ConfigClusterResolver - Resolving eureka endpoints via configuration
2018-11-05 14:38:11.140 [AsyncResolver-bootstrap-executor-0] INFO  com.netflix.discovery.shared.resolver.aws.ConfigClusterResolver - Resolving eureka endpoints via configuration
